[ 2016-12-01T09:12:27+08:00 ] 127.0.0.1 /MeToo/index.php/Admin/Personal/lists
INFO: [ app_init ] --START--
INFO: Run Behavior\BuildLiteBehavior [ RunTime:0.000042s ]
INFO: [ app_init ] --END-- [ RunTime:0.033723s ]
INFO: [ app_begin ] --START--
INFO: Run Behavior\ReadHtmlCacheBehavior [ RunTime:0.016184s ]
INFO: [ app_begin ] --END-- [ RunTime:0.016403s ]
SQL: SHOW COLUMNS FROM `personal` [ RunTime:0.9422s ]
SQL: SELECT * FROM `personal`  [ RunTime:0.0308s ]
INFO: [ view_parse ] --START--
INFO: [ template_filter ] --START--
INFO: Run Behavior\ContentReplaceBehavior [ RunTime:0.000174s ]
INFO: [ template_filter ] --END-- [ RunTime:0.000329s ]
INFO: Run Behavior\ParseTemplateBehavior [ RunTime:0.297481s ]
INFO: [ view_parse ] --END-- [ RunTime:0.297670s ]
INFO: [ view_filter ] --START--
INFO: Run Behavior\WriteHtmlCacheBehavior [ RunTime:0.019348s ]
INFO: [ view_filter ] --END-- [ RunTime:0.019569s ]
INFO: [ app_end ] --START--
INFO: Run Behavior\ShowPageTraceBehavior [ RunTime:0.010213s ]
INFO: [ app_end ] --END-- [ RunTime:0.010424s ]

[ 2016-12-01T09:28:50+08:00 ] 127.0.0.1 /MeToo/index.php/Admin/Admin/lists
INFO: [ app_init ] --START--
INFO: Run Behavior\BuildLiteBehavior [ RunTime:0.000038s ]
INFO: [ app_init ] --END-- [ RunTime:0.022119s ]
INFO: [ app_begin ] --START--
INFO: Run Behavior\ReadHtmlCacheBehavior [ RunTime:0.016955s ]
INFO: [ app_begin ] --END-- [ RunTime:0.017174s ]
SQL: SHOW COLUMNS FROM `admin_user` [ RunTime:0.1141s ]
SQL: SELECT * FROM `admin_user`  [ RunTime:0.0015s ]
INFO: [ view_parse ] --START--
INFO: [ template_filter ] --START--
INFO: Run Behavior\ContentReplaceBehavior [ RunTime:0.000181s ]
INFO: [ template_filter ] --END-- [ RunTime:0.000336s ]
INFO: Run Behavior\ParseTemplateBehavior [ RunTime:0.085676s ]
INFO: [ view_parse ] --END-- [ RunTime:0.085864s ]
INFO: [ view_filter ] --START--
INFO: Run Behavior\WriteHtmlCacheBehavior [ RunTime:0.023941s ]
INFO: [ view_filter ] --END-- [ RunTime:0.024099s ]
INFO: [ app_end ] --START--
INFO: Run Behavior\ShowPageTraceBehavior [ RunTime:0.008938s ]
INFO: [ app_end ] --END-- [ RunTime:0.009119s ]

[ 2016-12-01T09:28:50+08:00 ] 127.0.0.1 /MeToo/index.php/Admin/Admin/add
INFO: [ app_init ] --START--
INFO: Run Behavior\BuildLiteBehavior [ RunTime:0.000036s ]
INFO: [ app_init ] --END-- [ RunTime:0.001430s ]
INFO: [ app_begin ] --START--
INFO: Run Behavior\ReadHtmlCacheBehavior [ RunTime:0.002753s ]
INFO: [ app_begin ] --END-- [ RunTime:0.003017s ]
INFO: [ view_parse ] --START--
INFO: [ template_filter ] --START--
INFO: Run Behavior\ContentReplaceBehavior [ RunTime:0.000180s ]
INFO: [ template_filter ] --END-- [ RunTime:0.000338s ]
INFO: Run Behavior\ParseTemplateBehavior [ RunTime:0.033949s ]
INFO: [ view_parse ] --END-- [ RunTime:0.034163s ]
INFO: [ view_filter ] --START--
INFO: Run Behavior\WriteHtmlCacheBehavior [ RunTime:0.001774s ]
INFO: [ view_filter ] --END-- [ RunTime:0.001921s ]
INFO: [ app_end ] --START--
INFO: Run Behavior\ShowPageTraceBehavior [ RunTime:0.002075s ]
INFO: [ app_end ] --END-- [ RunTime:0.002218s ]

[ 2016-12-01T09:28:53+08:00 ] 127.0.0.1 /MeToo/index.php/Admin/Admin/modi
INFO: [ app_init ] --START--
INFO: Run Behavior\BuildLiteBehavior [ RunTime:0.000034s ]
INFO: [ app_init ] --END-- [ RunTime:0.001069s ]
INFO: [ app_begin ] --START--
INFO: Run Behavior\ReadHtmlCacheBehavior [ RunTime:0.001524s ]
INFO: [ app_begin ] --END-- [ RunTime:0.001686s ]
NOTIC: [8] Undefined index: id D:\WebSever\Apache2.2\htdocs\MeToo\Application\Admin\Controller\AdminController.class.php 第 71 行.
SQL: SHOW COLUMNS FROM `admin_user` [ RunTime:0.0333s ]
SQL: SELECT * FROM `admin_user` LIMIT 1   [ RunTime:0.0465s ]
INFO: [ view_parse ] --START--
INFO: [ template_filter ] --START--
INFO: Run Behavior\ContentReplaceBehavior [ RunTime:0.000171s ]
INFO: [ template_filter ] --END-- [ RunTime:0.000316s ]
INFO: Run Behavior\ParseTemplateBehavior [ RunTime:0.021501s ]
INFO: [ view_parse ] --END-- [ RunTime:0.021735s ]
INFO: [ view_filter ] --START--
INFO: Run Behavior\WriteHtmlCacheBehavior [ RunTime:0.001459s ]
INFO: [ view_filter ] --END-- [ RunTime:0.001716s ]
INFO: [ app_end ] --START--
INFO: Run Behavior\ShowPageTraceBehavior [ RunTime:0.002113s ]
INFO: [ app_end ] --END-- [ RunTime:0.002265s ]

[ 2016-12-01T09:29:04+08:00 ] 127.0.0.1 /MeToo/index.php/Admin/Admin/lists
INFO: [ app_init ] --START--
INFO: Run Behavior\BuildLiteBehavior [ RunTime:0.000034s ]
INFO: [ app_init ] --END-- [ RunTime:0.001125s ]
INFO: [ app_begin ] --START--
INFO: Run Behavior\ReadHtmlCacheBehavior [ RunTime:0.001541s ]
INFO: [ app_begin ] --END-- [ RunTime:0.001732s ]
SQL: SHOW COLUMNS FROM `admin_user` [ RunTime:0.0260s ]
SQL: SELECT * FROM `admin_user`  [ RunTime:0.0013s ]
INFO: [ view_parse ] --START--
INFO: [ template_filter ] --START--
INFO: Run Behavior\ContentReplaceBehavior [ RunTime:0.000282s ]
INFO: [ template_filter ] --END-- [ RunTime:0.000531s ]
INFO: Run Behavior\ParseTemplateBehavior [ RunTime:0.035666s ]
INFO: [ view_parse ] --END-- [ RunTime:0.035987s ]
INFO: [ view_filter ] --START--
INFO: Run Behavior\WriteHtmlCacheBehavior [ RunTime:0.002225s ]
INFO: [ view_filter ] --END-- [ RunTime:0.002496s ]
INFO: [ app_end ] --START--
INFO: Run Behavior\ShowPageTraceBehavior [ RunTime:0.002228s ]
INFO: [ app_end ] --END-- [ RunTime:0.002458s ]

[ 2016-12-01T09:29:08+08:00 ] 127.0.0.1 /MeToo/index.php/Admin/Personal/exchange
INFO: [ app_init ] --START--
INFO: Run Behavior\BuildLiteBehavior [ RunTime:0.000036s ]
INFO: [ app_init ] --END-- [ RunTime:0.001184s ]
INFO: [ app_begin ] --START--
INFO: Run Behavior\ReadHtmlCacheBehavior [ RunTime:0.002151s ]
INFO: [ app_begin ] --END-- [ RunTime:0.002408s ]
SQL: SHOW COLUMNS FROM `exchange` [ RunTime:0.0912s ]
SQL: SELECT * FROM `exchange`  [ RunTime:0.0014s ]
INFO: [ view_parse ] --START--
INFO: [ template_filter ] --START--
INFO: Run Behavior\ContentReplaceBehavior [ RunTime:0.000167s ]
INFO: [ template_filter ] --END-- [ RunTime:0.000316s ]
INFO: Run Behavior\ParseTemplateBehavior [ RunTime:0.023746s ]
INFO: [ view_parse ] --END-- [ RunTime:0.023950s ]
INFO: [ view_filter ] --START--
INFO: Run Behavior\WriteHtmlCacheBehavior [ RunTime:0.001058s ]
INFO: [ view_filter ] --END-- [ RunTime:0.001210s ]
INFO: [ app_end ] --START--
INFO: Run Behavior\ShowPageTraceBehavior [ RunTime:0.001961s ]
INFO: [ app_end ] --END-- [ RunTime:0.002129s ]

[ 2016-12-01T09:29:10+08:00 ] 127.0.0.1 /MeToo/index.php/Admin/Admin/modi
INFO: [ app_init ] --START--
INFO: Run Behavior\BuildLiteBehavior [ RunTime:0.000034s ]
INFO: [ app_init ] --END-- [ RunTime:0.001164s ]
INFO: [ app_begin ] --START--
INFO: Run Behavior\ReadHtmlCacheBehavior [ RunTime:0.001704s ]
INFO: [ app_begin ] --END-- [ RunTime:0.001860s ]
NOTIC: [8] Undefined index: id D:\WebSever\Apache2.2\htdocs\MeToo\Application\Admin\Controller\AdminController.class.php 第 71 行.
SQL: SHOW COLUMNS FROM `admin_user` [ RunTime:0.0408s ]
SQL: SELECT * FROM `admin_user` LIMIT 1   [ RunTime:0.0012s ]
INFO: [ view_parse ] --START--
INFO: [ template_filter ] --START--
INFO: Run Behavior\ContentReplaceBehavior [ RunTime:0.000169s ]
INFO: [ template_filter ] --END-- [ RunTime:0.000312s ]
INFO: Run Behavior\ParseTemplateBehavior [ RunTime:0.023237s ]
INFO: [ view_parse ] --END-- [ RunTime:0.023402s ]
INFO: [ view_filter ] --START--
INFO: Run Behavior\WriteHtmlCacheBehavior [ RunTime:0.000901s ]
INFO: [ view_filter ] --END-- [ RunTime:0.001032s ]
INFO: [ app_end ] --START--
INFO: Run Behavior\ShowPageTraceBehavior [ RunTime:0.001700s ]
INFO: [ app_end ] --END-- [ RunTime:0.001835s ]

[ 2016-12-01T09:29:41+08:00 ] 127.0.0.1 /MeToo/index.php/Admin/Admin/lists
INFO: [ app_init ] --START--
INFO: Run Behavior\BuildLiteBehavior [ RunTime:0.000049s ]
INFO: [ app_init ] --END-- [ RunTime:0.001403s ]
INFO: [ app_begin ] --START--
INFO: Run Behavior\ReadHtmlCacheBehavior [ RunTime:0.001719s ]
INFO: [ app_begin ] --END-- [ RunTime:0.001917s ]
SQL: SHOW COLUMNS FROM `admin_user` [ RunTime:0.0207s ]
SQL: SELECT * FROM `admin_user`  [ RunTime:0.0018s ]
INFO: [ view_parse ] --START--
INFO: [ template_filter ] --START--
INFO: Run Behavior\ContentReplaceBehavior [ RunTime:0.000173s ]
INFO: [ template_filter ] --END-- [ RunTime:0.000323s ]
INFO: Run Behavior\ParseTemplateBehavior [ RunTime:0.027695s ]
INFO: [ view_parse ] --END-- [ RunTime:0.028002s ]
INFO: [ view_filter ] --START--
INFO: Run Behavior\WriteHtmlCacheBehavior [ RunTime:0.000966s ]
INFO: [ view_filter ] --END-- [ RunTime:0.001108s ]
INFO: [ app_end ] --START--
INFO: Run Behavior\ShowPageTraceBehavior [ RunTime:0.002090s ]
INFO: [ app_end ] --END-- [ RunTime:0.002257s ]

