[ 2016-12-05T21:07:37+08:00 ] 127.0.0.1 /MeToo/index.php/Admin/Personal/lists
INFO: [ app_init ] --START--
INFO: Run Behavior\BuildLiteBehavior [ RunTime:0.000075s ]
INFO: [ app_init ] --END-- [ RunTime:0.336597s ]
INFO: [ app_begin ] --START--
INFO: Run Behavior\ReadHtmlCacheBehavior [ RunTime:0.047293s ]
INFO: [ app_begin ] --END-- [ RunTime:0.047501s ]
SQL: SHOW COLUMNS FROM `personal` [ RunTime:6.8392s ]
SQL: SELECT * FROM `personal`  [ RunTime:0.3052s ]
INFO: [ view_parse ] --START--
INFO: [ template_filter ] --START--
INFO: Run Behavior\ContentReplaceBehavior [ RunTime:0.065776s ]
INFO: [ template_filter ] --END-- [ RunTime:0.066035s ]
INFO: Run Behavior\ParseTemplateBehavior [ RunTime:2.063250s ]
INFO: [ view_parse ] --END-- [ RunTime:2.063455s ]
INFO: [ view_filter ] --START--
INFO: Run Behavior\WriteHtmlCacheBehavior [ RunTime:0.095436s ]
INFO: [ view_filter ] --END-- [ RunTime:0.095603s ]
INFO: [ app_end ] --START--
INFO: Run Behavior\ShowPageTraceBehavior [ RunTime:0.148625s ]
INFO: [ app_end ] --END-- [ RunTime:0.148868s ]

[ 2016-12-05T21:07:40+08:00 ] 127.0.0.1 /MeToo/index.php/Admin/Personal/lists
INFO: [ app_init ] --START--
INFO: Run Behavior\BuildLiteBehavior [ RunTime:0.000048s ]
INFO: [ app_init ] --END-- [ RunTime:0.001451s ]
INFO: [ app_begin ] --START--
INFO: Run Behavior\ReadHtmlCacheBehavior [ RunTime:0.002094s ]
INFO: [ app_begin ] --END-- [ RunTime:0.002324s ]
SQL: SHOW COLUMNS FROM `personal` [ RunTime:1.0243s ]
SQL: SELECT * FROM `personal`  [ RunTime:0.0012s ]
INFO: [ view_parse ] --START--
INFO: [ template_filter ] --START--
INFO: Run Behavior\ContentReplaceBehavior [ RunTime:0.000186s ]
INFO: [ template_filter ] --END-- [ RunTime:0.000420s ]
INFO: Run Behavior\ParseTemplateBehavior [ RunTime:0.047879s ]
INFO: [ view_parse ] --END-- [ RunTime:0.048046s ]
INFO: [ view_filter ] --START--
INFO: Run Behavior\WriteHtmlCacheBehavior [ RunTime:0.000866s ]
INFO: [ view_filter ] --END-- [ RunTime:0.000995s ]
INFO: [ app_end ] --START--
INFO: Run Behavior\ShowPageTraceBehavior [ RunTime:0.001678s ]
INFO: [ app_end ] --END-- [ RunTime:0.001860s ]

[ 2016-12-05T21:08:56+08:00 ] 127.0.0.1 /MeToo/index.php/Admin/Admin/lists
INFO: [ app_init ] --START--
INFO: Run Behavior\BuildLiteBehavior [ RunTime:0.000034s ]
INFO: [ app_init ] --END-- [ RunTime:0.001206s ]
INFO: [ app_begin ] --START--
INFO: Run Behavior\ReadHtmlCacheBehavior [ RunTime:0.001897s ]
INFO: [ app_begin ] --END-- [ RunTime:0.002052s ]
SQL: SHOW COLUMNS FROM `admin_user` [ RunTime:0.1127s ]
SQL: SELECT * FROM `admin_user`  [ RunTime:0.0013s ]
INFO: [ view_parse ] --START--
INFO: [ template_filter ] --START--
INFO: Run Behavior\ContentReplaceBehavior [ RunTime:0.000217s ]
INFO: [ template_filter ] --END-- [ RunTime:0.000420s ]
INFO: Run Behavior\ParseTemplateBehavior [ RunTime:0.057286s ]
INFO: [ view_parse ] --END-- [ RunTime:0.057484s ]
INFO: [ view_filter ] --START--
INFO: Run Behavior\WriteHtmlCacheBehavior [ RunTime:0.000999s ]
INFO: [ view_filter ] --END-- [ RunTime:0.001129s ]
INFO: [ app_end ] --START--
INFO: Run Behavior\ShowPageTraceBehavior [ RunTime:0.001936s ]
INFO: [ app_end ] --END-- [ RunTime:0.002079s ]

[ 2016-12-05T21:09:00+08:00 ] 127.0.0.1 /MeToo/index.php/Admin/Admin/lists
INFO: [ app_init ] --START--
INFO: Run Behavior\BuildLiteBehavior [ RunTime:0.000049s ]
INFO: [ app_init ] --END-- [ RunTime:0.001433s ]
INFO: [ app_begin ] --START--
INFO: Run Behavior\ReadHtmlCacheBehavior [ RunTime:0.002229s ]
INFO: [ app_begin ] --END-- [ RunTime:0.002518s ]
SQL: SHOW COLUMNS FROM `admin_user` [ RunTime:0.0132s ]
SQL: SELECT * FROM `admin_user`  [ RunTime:0.0013s ]
INFO: [ view_parse ] --START--
INFO: [ template_filter ] --START--
INFO: Run Behavior\ContentReplaceBehavior [ RunTime:0.000191s ]
INFO: [ template_filter ] --END-- [ RunTime:0.000382s ]
INFO: Run Behavior\ParseTemplateBehavior [ RunTime:0.025092s ]
INFO: [ view_parse ] --END-- [ RunTime:0.025318s ]
INFO: [ view_filter ] --START--
INFO: Run Behavior\WriteHtmlCacheBehavior [ RunTime:0.000900s ]
INFO: [ view_filter ] --END-- [ RunTime:0.001031s ]
INFO: [ app_end ] --START--
INFO: Run Behavior\ShowPageTraceBehavior [ RunTime:0.001774s ]
INFO: [ app_end ] --END-- [ RunTime:0.001927s ]

[ 2016-12-05T21:09:44+08:00 ] 127.0.0.1 /MeToo/index.php/Admin/Admin/add
INFO: [ app_init ] --START--
INFO: Run Behavior\BuildLiteBehavior [ RunTime:0.000052s ]
INFO: [ app_init ] --END-- [ RunTime:0.001545s ]
INFO: [ app_begin ] --START--
INFO: Run Behavior\ReadHtmlCacheBehavior [ RunTime:0.001728s ]
INFO: [ app_begin ] --END-- [ RunTime:0.001887s ]
INFO: [ view_parse ] --START--
INFO: [ template_filter ] --START--
INFO: Run Behavior\ContentReplaceBehavior [ RunTime:0.000177s ]
INFO: [ template_filter ] --END-- [ RunTime:0.000330s ]
INFO: Run Behavior\ParseTemplateBehavior [ RunTime:0.053404s ]
INFO: [ view_parse ] --END-- [ RunTime:0.053606s ]
INFO: [ view_filter ] --START--
INFO: Run Behavior\WriteHtmlCacheBehavior [ RunTime:0.001174s ]
INFO: [ view_filter ] --END-- [ RunTime:0.001305s ]
INFO: [ app_end ] --START--
INFO: Run Behavior\ShowPageTraceBehavior [ RunTime:0.001777s ]
INFO: [ app_end ] --END-- [ RunTime:0.001913s ]

[ 2016-12-05T21:09:47+08:00 ] 127.0.0.1 /MeToo/index.php/Admin/Admin/modi
INFO: [ app_init ] --START--
INFO: Run Behavior\BuildLiteBehavior [ RunTime:0.000032s ]
INFO: [ app_init ] --END-- [ RunTime:0.001119s ]
INFO: [ app_begin ] --START--
INFO: Run Behavior\ReadHtmlCacheBehavior [ RunTime:0.001565s ]
INFO: [ app_begin ] --END-- [ RunTime:0.001719s ]
NOTIC: [8] Undefined index: id D:\WebSever\Apache2.2\htdocs\MeToo\Application\Admin\Controller\AdminController.class.php 第 71 行.
SQL: SHOW COLUMNS FROM `admin_user` [ RunTime:0.0163s ]
SQL: SELECT * FROM `admin_user` LIMIT 1   [ RunTime:0.0012s ]
INFO: [ view_parse ] --START--
INFO: [ template_filter ] --START--
INFO: Run Behavior\ContentReplaceBehavior [ RunTime:0.000172s ]
INFO: [ template_filter ] --END-- [ RunTime:0.000319s ]
INFO: Run Behavior\ParseTemplateBehavior [ RunTime:0.047354s ]
INFO: [ view_parse ] --END-- [ RunTime:0.047522s ]
INFO: [ view_filter ] --START--
INFO: Run Behavior\WriteHtmlCacheBehavior [ RunTime:0.000893s ]
INFO: [ view_filter ] --END-- [ RunTime:0.001022s ]
INFO: [ app_end ] --START--
INFO: Run Behavior\ShowPageTraceBehavior [ RunTime:0.001490s ]
INFO: [ app_end ] --END-- [ RunTime:0.001621s ]

[ 2016-12-05T21:09:53+08:00 ] 127.0.0.1 /MeToo/index.php/Admin/Personal/lists
INFO: [ app_init ] --START--
INFO: Run Behavior\BuildLiteBehavior [ RunTime:0.000032s ]
INFO: [ app_init ] --END-- [ RunTime:0.001195s ]
INFO: [ app_begin ] --START--
INFO: Run Behavior\ReadHtmlCacheBehavior [ RunTime:0.001512s ]
INFO: [ app_begin ] --END-- [ RunTime:0.001659s ]
SQL: SHOW COLUMNS FROM `personal` [ RunTime:0.0134s ]
SQL: SELECT * FROM `personal`  [ RunTime:0.0013s ]
INFO: [ view_parse ] --START--
INFO: [ template_filter ] --START--
INFO: Run Behavior\ContentReplaceBehavior [ RunTime:0.000179s ]
INFO: [ template_filter ] --END-- [ RunTime:0.000347s ]
INFO: Run Behavior\ParseTemplateBehavior [ RunTime:0.024136s ]
INFO: [ view_parse ] --END-- [ RunTime:0.024307s ]
INFO: [ view_filter ] --START--
INFO: Run Behavior\WriteHtmlCacheBehavior [ RunTime:0.000964s ]
INFO: [ view_filter ] --END-- [ RunTime:0.001094s ]
INFO: [ app_end ] --START--
INFO: Run Behavior\ShowPageTraceBehavior [ RunTime:0.001667s ]
INFO: [ app_end ] --END-- [ RunTime:0.001808s ]

[ 2016-12-05T21:10:28+08:00 ] 127.0.0.1 /MeToo/index.php/Admin/Personal/lists
INFO: [ app_init ] --START--
INFO: Run Behavior\BuildLiteBehavior [ RunTime:0.000032s ]
INFO: [ app_init ] --END-- [ RunTime:0.001019s ]
INFO: [ app_begin ] --START--
INFO: Run Behavior\ReadHtmlCacheBehavior [ RunTime:0.001329s ]
INFO: [ app_begin ] --END-- [ RunTime:0.001474s ]
SQL: SHOW COLUMNS FROM `personal` [ RunTime:0.0136s ]
SQL: SELECT * FROM `personal`  [ RunTime:0.0013s ]
INFO: [ view_parse ] --START--
INFO: [ template_filter ] --START--
INFO: Run Behavior\ContentReplaceBehavior [ RunTime:0.000169s ]
INFO: [ template_filter ] --END-- [ RunTime:0.000318s ]
INFO: Run Behavior\ParseTemplateBehavior [ RunTime:0.022230s ]
INFO: [ view_parse ] --END-- [ RunTime:0.022388s ]
INFO: [ view_filter ] --START--
INFO: Run Behavior\WriteHtmlCacheBehavior [ RunTime:0.000791s ]
INFO: [ view_filter ] --END-- [ RunTime:0.000912s ]
INFO: [ app_end ] --START--
INFO: Run Behavior\ShowPageTraceBehavior [ RunTime:0.001494s ]
INFO: [ app_end ] --END-- [ RunTime:0.001653s ]

[ 2016-12-05T21:10:34+08:00 ] 127.0.0.1 /MeToo/index.php/Admin/Personal/exchange
INFO: [ app_init ] --START--
INFO: Run Behavior\BuildLiteBehavior [ RunTime:0.000049s ]
INFO: [ app_init ] --END-- [ RunTime:0.001541s ]
INFO: [ app_begin ] --START--
INFO: Run Behavior\ReadHtmlCacheBehavior [ RunTime:0.001781s ]
INFO: [ app_begin ] --END-- [ RunTime:0.001966s ]
SQL: SHOW COLUMNS FROM `exchange` [ RunTime:0.0549s ]
SQL: SELECT * FROM `exchange`  [ RunTime:0.0012s ]
INFO: [ view_parse ] --START--
INFO: [ template_filter ] --START--
INFO: Run Behavior\ContentReplaceBehavior [ RunTime:0.000285s ]
INFO: [ template_filter ] --END-- [ RunTime:0.000539s ]
INFO: Run Behavior\ParseTemplateBehavior [ RunTime:0.054916s ]
INFO: [ view_parse ] --END-- [ RunTime:0.055211s ]
INFO: [ view_filter ] --START--
INFO: Run Behavior\WriteHtmlCacheBehavior [ RunTime:0.001404s ]
INFO: [ view_filter ] --END-- [ RunTime:0.001611s ]
INFO: [ app_end ] --START--
INFO: Run Behavior\ShowPageTraceBehavior [ RunTime:0.003110s ]
INFO: [ app_end ] --END-- [ RunTime:0.003521s ]

[ 2016-12-05T21:10:38+08:00 ] 127.0.0.1 /MeToo/index.php/Admin/Personal/lists
INFO: [ app_init ] --START--
INFO: Run Behavior\BuildLiteBehavior [ RunTime:0.000033s ]
INFO: [ app_init ] --END-- [ RunTime:0.001094s ]
INFO: [ app_begin ] --START--
INFO: Run Behavior\ReadHtmlCacheBehavior [ RunTime:0.001595s ]
INFO: [ app_begin ] --END-- [ RunTime:0.001745s ]
SQL: SHOW COLUMNS FROM `personal` [ RunTime:0.0137s ]
SQL: SELECT * FROM `personal`  [ RunTime:0.0013s ]
INFO: [ view_parse ] --START--
INFO: [ template_filter ] --START--
INFO: Run Behavior\ContentReplaceBehavior [ RunTime:0.000193s ]
INFO: [ template_filter ] --END-- [ RunTime:0.000353s ]
INFO: Run Behavior\ParseTemplateBehavior [ RunTime:0.023365s ]
INFO: [ view_parse ] --END-- [ RunTime:0.023526s ]
INFO: [ view_filter ] --START--
INFO: Run Behavior\WriteHtmlCacheBehavior [ RunTime:0.000965s ]
INFO: [ view_filter ] --END-- [ RunTime:0.001095s ]
INFO: [ app_end ] --START--
INFO: Run Behavior\ShowPageTraceBehavior [ RunTime:0.001672s ]
INFO: [ app_end ] --END-- [ RunTime:0.001811s ]

[ 2016-12-05T21:10:49+08:00 ] 127.0.0.1 /MeToo/index.php/Admin/Admin/lists
INFO: [ app_init ] --START--
INFO: Run Behavior\BuildLiteBehavior [ RunTime:0.000037s ]
INFO: [ app_init ] --END-- [ RunTime:0.001311s ]
INFO: [ app_begin ] --START--
INFO: Run Behavior\ReadHtmlCacheBehavior [ RunTime:0.001885s ]
INFO: [ app_begin ] --END-- [ RunTime:0.002037s ]
SQL: SHOW COLUMNS FROM `admin_user` [ RunTime:0.0130s ]
SQL: SELECT * FROM `admin_user`  [ RunTime:0.0013s ]
INFO: [ view_parse ] --START--
INFO: [ template_filter ] --START--
INFO: Run Behavior\ContentReplaceBehavior [ RunTime:0.000177s ]
INFO: [ template_filter ] --END-- [ RunTime:0.000338s ]
INFO: Run Behavior\ParseTemplateBehavior [ RunTime:0.034805s ]
INFO: [ view_parse ] --END-- [ RunTime:0.034974s ]
INFO: [ view_filter ] --START--
INFO: Run Behavior\WriteHtmlCacheBehavior [ RunTime:0.001196s ]
INFO: [ view_filter ] --END-- [ RunTime:0.001331s ]
INFO: [ app_end ] --START--
INFO: Run Behavior\ShowPageTraceBehavior [ RunTime:0.001716s ]
INFO: [ app_end ] --END-- [ RunTime:0.001854s ]

[ 2016-12-05T21:11:09+08:00 ] 127.0.0.1 /MeToo/index.php/Admin/Personal/lists
INFO: [ app_init ] --START--
INFO: Run Behavior\BuildLiteBehavior [ RunTime:0.000033s ]
INFO: [ app_init ] --END-- [ RunTime:0.001306s ]
INFO: [ app_begin ] --START--
INFO: Run Behavior\ReadHtmlCacheBehavior [ RunTime:0.001896s ]
INFO: [ app_begin ] --END-- [ RunTime:0.002049s ]
SQL: SHOW COLUMNS FROM `personal` [ RunTime:0.0138s ]
SQL: SELECT * FROM `personal`  [ RunTime:0.0013s ]
INFO: [ view_parse ] --START--
INFO: [ template_filter ] --START--
INFO: Run Behavior\ContentReplaceBehavior [ RunTime:0.000176s ]
INFO: [ template_filter ] --END-- [ RunTime:0.000329s ]
INFO: Run Behavior\ParseTemplateBehavior [ RunTime:0.035487s ]
INFO: [ view_parse ] --END-- [ RunTime:0.035698s ]
INFO: [ view_filter ] --START--
INFO: Run Behavior\WriteHtmlCacheBehavior [ RunTime:0.001457s ]
INFO: [ view_filter ] --END-- [ RunTime:0.001612s ]
INFO: [ app_end ] --START--
INFO: Run Behavior\ShowPageTraceBehavior [ RunTime:0.001829s ]
INFO: [ app_end ] --END-- [ RunTime:0.001974s ]

[ 2016-12-05T21:13:04+08:00 ] 127.0.0.1 /MeToo/index.php/Admin/Personal/record
INFO: [ app_init ] --START--
INFO: Run Behavior\BuildLiteBehavior [ RunTime:0.000036s ]
INFO: [ app_init ] --END-- [ RunTime:0.001491s ]
INFO: [ app_begin ] --START--
INFO: Run Behavior\ReadHtmlCacheBehavior [ RunTime:0.001692s ]
INFO: [ app_begin ] --END-- [ RunTime:0.001839s ]
SQL: SHOW COLUMNS FROM `record` [ RunTime:0.0580s ]
SQL: SELECT * FROM `record`  [ RunTime:0.0011s ]
INFO: [ view_parse ] --START--
INFO: [ template_filter ] --START--
INFO: Run Behavior\ContentReplaceBehavior [ RunTime:0.000171s ]
INFO: [ template_filter ] --END-- [ RunTime:0.000321s ]
INFO: Run Behavior\ParseTemplateBehavior [ RunTime:0.050642s ]
INFO: [ view_parse ] --END-- [ RunTime:0.050823s ]
INFO: [ view_filter ] --START--
INFO: Run Behavior\WriteHtmlCacheBehavior [ RunTime:0.001228s ]
INFO: [ view_filter ] --END-- [ RunTime:0.001385s ]
INFO: [ app_end ] --START--
INFO: Run Behavior\ShowPageTraceBehavior [ RunTime:0.001909s ]
INFO: [ app_end ] --END-- [ RunTime:0.002091s ]

